basicSyncAdapter/build/outputs/logs/manifest-merger-debug-report.txt
-- Merging decision tree log ---
manifest
ADDED from src\main\AndroidManifest.xml:2:1-84:12
	package
		ADDED from src\main\AndroidManifest.xml:3:5-64
		INJECTED from src\main\AndroidManifest.xml
		INJECTED from src\main\AndroidManifest.xml
	android:versionName
		ADDED from src\main\AndroidManifest.xml:5:5-30
		INJECTED from src\main\AndroidManifest.xml
		INJECTED from src\main\AndroidManifest.xml
	android:versionCode
		ADDED from src\main\AndroidManifest.xml:4:5-28
		INJECTED from src\main\AndroidManifest.xml
		INJECTED from src\main\AndroidManifest.xml
	xmlns:android
		ADDED from src\main\AndroidManifest.xml:2:11-69
uses-sdk
ADDED from src\main\AndroidManifest.xml:8:5-10:41
MERGED from [com.android.support:support-v4:23.4.0] AndroidManifest.xml:20:5-43
	android:targetSdkVersion
		ADDED from src\main\AndroidManifest.xml:10:9-38
		INJECTED from src\main\AndroidManifest.xml
		INJECTED from src\main\AndroidManifest.xml
	android:minSdkVersion
		ADDED from src\main\AndroidManifest.xml:9:9-34
		INJECTED from src\main\AndroidManifest.xml
		INJECTED from src\main\AndroidManifest.xml
uses-permission#android.permission.INTERNET
ADDED from src\main\AndroidManifest.xml:13:5-66
	android:name
		ADDED from src\main\AndroidManifest.xml:13:22-64
uses-permission#android.permission.READ_SYNC_STATS
ADDED from src\main\AndroidManifest.xml:15:5-73
	android:name
		ADDED from src\main\AndroidManifest.xml:15:22-71
uses-permission#android.permission.WRITE_SYNC_SETTINGS
ADDED from src\main\AndroidManifest.xml:17:5-77
	android:name
		ADDED from src\main\AndroidManifest.xml:17:22-75
uses-permission#android.permission.AUTHENTICATE_ACCOUNTS
ADDED from src\main\AndroidManifest.xml:19:5-79
	android:name
		ADDED from src\main\AndroidManifest.xml:19:22-77
application
ADDED from src\main\AndroidManifest.xml:22:5-82:15
MERGED from [com.android.support:support-v4:23.4.0] AndroidManifest.xml:22:5-20
	android:label
		ADDED from src\main\AndroidManifest.xml:25:9-41
	android:allowBackup
		ADDED from src\main\AndroidManifest.xml:23:9-35
	android:icon
		ADDED from src\main\AndroidManifest.xml:24:9-45
	android:theme
		ADDED from src\main\AndroidManifest.xml:26:9-40
activity#com.example.android.network.sync.basicsyncadapter.EntryListActivity
ADDED from src\main\AndroidManifest.xml:29:9-37:20
	android:label
		ADDED from src\main\AndroidManifest.xml:31:13-45
	android:name
		ADDED from src\main\AndroidManifest.xml:30:13-95
intent-filter#android.intent.action.MAIN+android.intent.category.LAUNCHER
ADDED from src\main\AndroidManifest.xml:33:13-36:29
action#android.intent.action.MAIN
ADDED from src\main\AndroidManifest.xml:34:17-69
	android:name
		ADDED from src\main\AndroidManifest.xml:34:25-66
category#android.intent.category.LAUNCHER
ADDED from src\main\AndroidManifest.xml:35:17-77
	android:name
		ADDED from src\main\AndroidManifest.xml:35:27-74
provider#com.example.android.network.sync.basicsyncadapter.provider.FeedProvider
ADDED from src\main\AndroidManifest.xml:47:9-50:44
	android:authorities
		ADDED from src\main\AndroidManifest.xml:49:17-88
	android:exported
		ADDED from src\main\AndroidManifest.xml:50:17-41
	android:name
		ADDED from src\main\AndroidManifest.xml:48:17-54
service#com.example.android.network.sync.basicsyncadapter.SyncService
ADDED from src\main\AndroidManifest.xml:54:9-64:19
	android:exported
		ADDED from src\main\AndroidManifest.xml:55:18-41
	android:name
		ADDED from src\main\AndroidManifest.xml:54:18-45
intent-filter#android.content.SyncAdapter
ADDED from src\main\AndroidManifest.xml:58:13-60:29
action#android.content.SyncAdapter
ADDED from src\main\AndroidManifest.xml:59:17-70
	android:name
		ADDED from src\main\AndroidManifest.xml:59:25-67
meta-data#android.content.SyncAdapter
ADDED from src\main\AndroidManifest.xml:62:13-63:62
	android:resource
		ADDED from src\main\AndroidManifest.xml:63:24-59
	android:name
		ADDED from src\main\AndroidManifest.xml:62:24-66
service#com.example.android.network.sync.basicsyncadapter.accounts.GenericAccountService
ADDED from src\main\AndroidManifest.xml:72:9-80:19
	android:name
		ADDED from src\main\AndroidManifest.xml:72:18-64
intent-filter#android.accounts.AccountAuthenticator
ADDED from src\main\AndroidManifest.xml:74:13-76:29
action#android.accounts.AccountAuthenticator
ADDED from src\main\AndroidManifest.xml:75:17-80
	android:name
		ADDED from src\main\AndroidManifest.xml:75:25-77
meta-data#android.accounts.AccountAuthenticator
ADDED from src\main\AndroidManifest.xml:78:13-79:64
	android:resource
		ADDED from src\main\AndroidManifest.xml:79:24-61
	android:name
		ADDED from src\main\AndroidManifest.xml:78:24-76